<?xml version="1.0" encoding="UTF-8"?>
<!-- Generated by org.testng.reporters.JUnitXMLReporter -->
<testsuite hostname="DESKTOP-K6J63E8" ignored="6" name="Test1" tests="0" failures="0" timestamp="2020-09-24T22:59:40 EDT" time="0.46" errors="0">
  <testcase name="aboutWellsFargoHomepage" time="0.0" classname="com.qa.wellsFargo.TestScripts.TestCaseScripts">
    <ignored/>
  </testcase> <!-- aboutWellsFargoHomepage -->
  <testcase name="verifiedCommericalModule" time="0.0" classname="com.qa.wellsFargo.TestScripts.TestCaseScripts">
    <ignored/>
  </testcase> <!-- verifiedCommericalModule -->
  <testcase name="verifiedSmallBusinessModule" time="0.0" classname="com.qa.wellsFargo.TestScripts.TestCaseScripts">
    <ignored/>
  </testcase> <!-- verifiedSmallBusinessModule -->
  <testcase name="verifiedBankingAndCreditFeature" time="0.0" classname="com.qa.wellsFargo.TestScripts.TestCaseScripts">
    <ignored/>
  </testcase> <!-- verifiedBankingAndCreditFeature -->
  <testcase name="verifiedPersonalModule" time="0.0" classname="com.qa.wellsFargo.TestScripts.TestCaseScripts">
    <ignored/>
  </testcase> <!-- verifiedPersonalModule -->
  <testcase name="customerServiceDisplay" time="0.0" classname="com.qa.wellsFargo.TestScripts.TestCaseScripts">
    <ignored/>
  </testcase> <!-- customerServiceDisplay -->
</testsuite> <!-- Test1 -->
