<?xml version="1.0" encoding="UTF-8"?>
<testsuite xmlns:xsi="http://www.w3.org/2001/XMLSchema-instance" xsi:schemaLocation="https://maven.apache.org/surefire/maven-surefire-plugin/xsd/surefire-test-report.xsd" name="com.qa.wellsFargo.TestScripts.TestCaseScripts" time="86.667" tests="10" errors="0" skipped="0" failures="3">
  <properties>
[...]
</properties>
  <testcase name="customerServiceDisplay" classname="com.qa.wellsFargo.TestScripts.TestCaseScripts" time="0.06"/>
  <testcase name="verifiedPersonalModule" classname="com.qa.wellsFargo.TestScripts.TestCaseScripts" time="0.813">
    <failure message="expected:&lt;[]Personal&gt; but was:&lt;[selected&#10;]Personal&gt;" type="junit.framework.ComparisonFailure"><![CDATA[junit.framework.ComparisonFailure: 
expected:<[]Personal> but was:<[selected
]Personal>
	at com.qa.wellsFargo.TestScripts.TestCaseScripts.verifiedPersonalModule(TestCaseScripts.java:35)
]]></failure>
    <system-out><![CDATA[Failed test
]]></system-out>
    <system-err><![CDATA[Starting ChromeDriver 85.0.4183.87 (cd6713ebf92fa1cacc0f1a598df280093af0c5d7-refs/branch-heads/4183@{#1689}) on port 25502
Only local connections are allowed.
Please see https://chromedriver.chromium.org/security-considerations for suggestions on keeping ChromeDriver safe.
ChromeDriver was started successfully.
Sep 19, 2020 2:18:50 AM org.openqa.selenium.remote.ProtocolHandshake createSession
INFO: Detected dialect: W3C
]]></system-err>
  </testcase>
  <testcase name="verifiedSmallBusinessModule" classname="com.qa.wellsFargo.TestScripts.TestCaseScripts" time="0.038"/>
  <testcase name="verifiedCommericalModule" classname="com.qa.wellsFargo.TestScripts.TestCaseScripts" time="0.033"/>
  <testcase name="verifiedFinancialEduModule" classname="com.qa.wellsFargo.TestScripts.TestCaseScripts" time="0.035"/>
  <testcase name="verifiedAbutWellsModule" classname="com.qa.wellsFargo.TestScripts.TestCaseScripts" time="0.027"/>
  <testcase name="verifiedPersonalClickAbleModule" classname="com.qa.wellsFargo.TestScripts.TestCaseScripts" time="0.27"/>
  <testcase name="verifiedBankingAndCreditFeature" classname="com.qa.wellsFargo.TestScripts.TestCaseScripts" time="2.827">
    <failure message="expected:&lt;Credit Card[]&gt; but was:&lt;Credit Card[s]&gt;" type="junit.framework.ComparisonFailure"><![CDATA[junit.framework.ComparisonFailure: expected:<Credit Card[]> but was:<Credit Card[s]>
	at com.qa.wellsFargo.TestScripts.TestCaseScripts.verifiedBankingAndCreditFeature(TestCaseScripts.java:91)
]]></failure>
    <system-out><![CDATA[Failed test
]]></system-out>
    <system-err><![CDATA[Starting ChromeDriver 85.0.4183.87 (cd6713ebf92fa1cacc0f1a598df280093af0c5d7-refs/branch-heads/4183@{#1689}) on port 37304
Only local connections are allowed.
Please see https://chromedriver.chromium.org/security-considerations for suggestions on keeping ChromeDriver safe.
ChromeDriver was started successfully.
Sep 19, 2020 2:19:38 AM org.openqa.selenium.remote.ProtocolHandshake createSession
INFO: Detected dialect: W3C
]]></system-err>
  </testcase>
  <testcase name="verifiedIndustryExpertiseLink" classname="com.qa.wellsFargo.TestScripts.TestCaseScripts" time="0.839"/>
  <testcase name="aboutWellsFargoHomepage" classname="com.qa.wellsFargo.TestScripts.TestCaseScripts" time="2.114">
    <failure message="expected:&lt;[a]bout Wells Fargo&gt; but was:&lt;[A]bout Wells Fargo&gt;" type="junit.framework.ComparisonFailure"><![CDATA[junit.framework.ComparisonFailure: expected:<[a]bout Wells Fargo> but was:<[A]bout Wells Fargo>
	at com.qa.wellsFargo.TestScripts.TestCaseScripts.aboutWellsFargoHomepage(TestCaseScripts.java:123)
]]></failure>
    <system-out><![CDATA[Failed test
]]></system-out>
    <system-err><![CDATA[Starting ChromeDriver 85.0.4183.87 (cd6713ebf92fa1cacc0f1a598df280093af0c5d7-refs/branch-heads/4183@{#1689}) on port 45782
Only local connections are allowed.
Please see https://chromedriver.chromium.org/security-considerations for suggestions on keeping ChromeDriver safe.
ChromeDriver was started successfully.
Sep 19, 2020 2:19:57 AM org.openqa.selenium.remote.ProtocolHandshake createSession
INFO: Detected dialect: W3C
]]></system-err>
  </testcase>
</testsuite>