<?xml version="1.0" encoding="UTF-8"?>
<testng-results skipped="0" failed="3" ignored="0" total="10" passed="7">
  <reporter-output>
  </reporter-output>
  <suite name="Surefire suite" duration-ms="86252" started-at="2020-09-19T02:18:38 EDT" finished-at="2020-09-19T02:20:05 EDT">
    <groups>
    </groups>
    <test name="Surefire test" duration-ms="86252" started-at="2020-09-19T02:18:38 EDT" finished-at="2020-09-19T02:20:05 EDT">
      <class name="com.qa.wellsFargo.TestScripts.TestCaseScripts">
        <test-method status="PASS" signature="setUp()[pri:0, instance:com.qa.wellsFargo.TestScripts.TestCaseScripts@369f73a2]" name="setUp" is-config="true" duration-ms="8276" started-at="2020-09-19T02:18:38 EDT" finished-at="2020-09-19T02:18:47 EDT">
          <reporter-output>
          </reporter-output>
        </test-method> <!-- setUp -->
        <test-method status="PASS" signature="customerServiceDisplay()[pri:1, instance:com.qa.wellsFargo.TestScripts.TestCaseScripts@369f73a2]" name="customerServiceDisplay" duration-ms="57" started-at="2020-09-19T02:18:47 EDT" finished-at="2020-09-19T02:18:47 EDT">
          <reporter-output>
          </reporter-output>
        </test-method> <!-- customerServiceDisplay -->
        <test-method status="PASS" signature="tearDown()[pri:0, instance:com.qa.wellsFargo.TestScripts.TestCaseScripts@369f73a2]" name="tearDown" is-config="true" duration-ms="627" started-at="2020-09-19T02:18:47 EDT" finished-at="2020-09-19T02:18:47 EDT">
          <reporter-output>
          </reporter-output>
        </test-method> <!-- tearDown -->
        <test-method status="PASS" signature="setUp()[pri:0, instance:com.qa.wellsFargo.TestScripts.TestCaseScripts@369f73a2]" name="setUp" is-config="true" duration-ms="7014" started-at="2020-09-19T02:18:47 EDT" finished-at="2020-09-19T02:18:54 EDT">
          <reporter-output>
          </reporter-output>
        </test-method> <!-- setUp -->
        <test-method status="FAIL" signature="verifiedPersonalModule()[pri:2, instance:com.qa.wellsFargo.TestScripts.TestCaseScripts@369f73a2]" name="verifiedPersonalModule" duration-ms="33" started-at="2020-09-19T02:18:54 EDT" finished-at="2020-09-19T02:18:54 EDT">
          <exception class="junit.framework.ComparisonFailure">
            <message>
              <![CDATA[expected:<[]Personal> but was:<[selected
]Personal>]]>
            </message>
            <full-stacktrace>
              <![CDATA[junit.framework.ComparisonFailure: expected:<[]Personal> but was:<[selected
]Personal>
at junit.framework.Assert.assertEquals(Assert.java:100)
at junit.framework.Assert.assertEquals(Assert.java:107)
at com.qa.wellsFargo.TestScripts.TestCaseScripts.verifiedPersonalModule(TestCaseScripts.java:35)
at sun.reflect.NativeMethodAccessorImpl.invoke0(Native Method)
at sun.reflect.NativeMethodAccessorImpl.invoke(NativeMethodAccessorImpl.java:62)
at sun.reflect.DelegatingMethodAccessorImpl.invoke(DelegatingMethodAccessorImpl.java:43)
at java.lang.reflect.Method.invoke(Method.java:498)
at org.testng.internal.MethodInvocationHelper.invokeMethod(MethodInvocationHelper.java:132)
at org.testng.internal.TestInvoker.invokeMethod(TestInvoker.java:599)
at org.testng.internal.TestInvoker.invokeTestMethod(TestInvoker.java:174)
at org.testng.internal.MethodRunner.runInSequence(MethodRunner.java:46)
at org.testng.internal.TestInvoker$MethodInvocationAgent.invoke(TestInvoker.java:822)
at org.testng.internal.TestInvoker.invokeTestMethods(TestInvoker.java:147)
at org.testng.internal.TestMethodWorker.invokeTestMethods(TestMethodWorker.java:146)
at org.testng.internal.TestMethodWorker.run(TestMethodWorker.java:128)
at java.util.ArrayList.forEach(ArrayList.java:1257)
at org.testng.TestRunner.privateRun(TestRunner.java:764)
at org.testng.TestRunner.run(TestRunner.java:585)
at org.testng.SuiteRunner.runTest(SuiteRunner.java:384)
at org.testng.SuiteRunner.runSequentially(SuiteRunner.java:378)
at org.testng.SuiteRunner.privateRun(SuiteRunner.java:337)
at org.testng.SuiteRunner.run(SuiteRunner.java:286)
at org.testng.SuiteRunnerWorker.runSuite(SuiteRunnerWorker.java:53)
at org.testng.SuiteRunnerWorker.run(SuiteRunnerWorker.java:96)
at org.testng.TestNG.runSuitesSequentially(TestNG.java:1218)
at org.testng.TestNG.runSuitesLocally(TestNG.java:1140)
at org.testng.TestNG.runSuites(TestNG.java:1069)
at org.testng.TestNG.run(TestNG.java:1037)
at org.apache.maven.surefire.testng.TestNGExecutor.run(TestNGExecutor.java:132)
at org.apache.maven.surefire.testng.TestNGDirectoryTestSuite.executeSingleClass(TestNGDirectoryTestSuite.java:112)
at org.apache.maven.surefire.testng.TestNGDirectoryTestSuite.execute(TestNGDirectoryTestSuite.java:99)
at org.apache.maven.surefire.testng.TestNGProvider.invoke(TestNGProvider.java:147)
at org.apache.maven.surefire.booter.ForkedBooter.invokeProviderInSameClassLoader(ForkedBooter.java:290)
at org.apache.maven.surefire.booter.ForkedBooter.runSuitesInProcess(ForkedBooter.java:242)
at org.apache.maven.surefire.booter.ForkedBooter.main(ForkedBooter.java:121)
]]>
            </full-stacktrace>
          </exception> <!-- junit.framework.ComparisonFailure -->
          <reporter-output>
          </reporter-output>
        </test-method> <!-- verifiedPersonalModule -->
        <test-method status="PASS" signature="tearDown()[pri:0, instance:com.qa.wellsFargo.TestScripts.TestCaseScripts@369f73a2]" name="tearDown" is-config="true" duration-ms="642" started-at="2020-09-19T02:18:55 EDT" finished-at="2020-09-19T02:18:56 EDT">
          <reporter-output>
          </reporter-output>
        </test-method> <!-- tearDown -->
        <test-method status="PASS" signature="setUp()[pri:0, instance:com.qa.wellsFargo.TestScripts.TestCaseScripts@369f73a2]" name="setUp" is-config="true" duration-ms="7132" started-at="2020-09-19T02:18:56 EDT" finished-at="2020-09-19T02:19:03 EDT">
          <reporter-output>
          </reporter-output>
        </test-method> <!-- setUp -->
        <test-method status="PASS" signature="verifiedSmallBusinessModule()[pri:3, instance:com.qa.wellsFargo.TestScripts.TestCaseScripts@369f73a2]" name="verifiedSmallBusinessModule" duration-ms="38" started-at="2020-09-19T02:19:03 EDT" finished-at="2020-09-19T02:19:03 EDT">
          <reporter-output>
          </reporter-output>
        </test-method> <!-- verifiedSmallBusinessModule -->
        <test-method status="PASS" signature="tearDown()[pri:0, instance:com.qa.wellsFargo.TestScripts.TestCaseScripts@369f73a2]" name="tearDown" is-config="true" duration-ms="812" started-at="2020-09-19T02:19:03 EDT" finished-at="2020-09-19T02:19:04 EDT">
          <reporter-output>
          </reporter-output>
        </test-method> <!-- tearDown -->
        <test-method status="PASS" signature="setUp()[pri:0, instance:com.qa.wellsFargo.TestScripts.TestCaseScripts@369f73a2]" name="setUp" is-config="true" duration-ms="7119" started-at="2020-09-19T02:19:04 EDT" finished-at="2020-09-19T02:19:11 EDT">
          <reporter-output>
          </reporter-output>
        </test-method> <!-- setUp -->
        <test-method status="PASS" signature="verifiedCommericalModule()[pri:4, instance:com.qa.wellsFargo.TestScripts.TestCaseScripts@369f73a2]" name="verifiedCommericalModule" duration-ms="32" started-at="2020-09-19T02:19:11 EDT" finished-at="2020-09-19T02:19:11 EDT">
          <reporter-output>
          </reporter-output>
        </test-method> <!-- verifiedCommericalModule -->
        <test-method status="PASS" signature="tearDown()[pri:0, instance:com.qa.wellsFargo.TestScripts.TestCaseScripts@369f73a2]" name="tearDown" is-config="true" duration-ms="628" started-at="2020-09-19T02:19:11 EDT" finished-at="2020-09-19T02:19:12 EDT">
          <reporter-output>
          </reporter-output>
        </test-method> <!-- tearDown -->
        <test-method status="PASS" signature="setUp()[pri:0, instance:com.qa.wellsFargo.TestScripts.TestCaseScripts@369f73a2]" name="setUp" is-config="true" duration-ms="6882" started-at="2020-09-19T02:19:12 EDT" finished-at="2020-09-19T02:19:18 EDT">
          <reporter-output>
          </reporter-output>
        </test-method> <!-- setUp -->
        <test-method status="PASS" signature="verifiedFinancialEduModule()[pri:5, instance:com.qa.wellsFargo.TestScripts.TestCaseScripts@369f73a2]" name="verifiedFinancialEduModule" duration-ms="34" started-at="2020-09-19T02:19:18 EDT" finished-at="2020-09-19T02:19:18 EDT">
          <reporter-output>
          </reporter-output>
        </test-method> <!-- verifiedFinancialEduModule -->
        <test-method status="PASS" signature="tearDown()[pri:0, instance:com.qa.wellsFargo.TestScripts.TestCaseScripts@369f73a2]" name="tearDown" is-config="true" duration-ms="608" started-at="2020-09-19T02:19:18 EDT" finished-at="2020-09-19T02:19:19 EDT">
          <reporter-output>
          </reporter-output>
        </test-method> <!-- tearDown -->
        <test-method status="PASS" signature="setUp()[pri:0, instance:com.qa.wellsFargo.TestScripts.TestCaseScripts@369f73a2]" name="setUp" is-config="true" duration-ms="6895" started-at="2020-09-19T02:19:19 EDT" finished-at="2020-09-19T02:19:26 EDT">
          <reporter-output>
          </reporter-output>
        </test-method> <!-- setUp -->
        <test-method status="PASS" signature="verifiedAbutWellsModule()[pri:6, instance:com.qa.wellsFargo.TestScripts.TestCaseScripts@369f73a2]" name="verifiedAbutWellsModule" duration-ms="27" started-at="2020-09-19T02:19:26 EDT" finished-at="2020-09-19T02:19:26 EDT">
          <reporter-output>
          </reporter-output>
        </test-method> <!-- verifiedAbutWellsModule -->
        <test-method status="PASS" signature="tearDown()[pri:0, instance:com.qa.wellsFargo.TestScripts.TestCaseScripts@369f73a2]" name="tearDown" is-config="true" duration-ms="787" started-at="2020-09-19T02:19:26 EDT" finished-at="2020-09-19T02:19:27 EDT">
          <reporter-output>
          </reporter-output>
        </test-method> <!-- tearDown -->
        <test-method status="PASS" signature="setUp()[pri:0, instance:com.qa.wellsFargo.TestScripts.TestCaseScripts@369f73a2]" name="setUp" is-config="true" duration-ms="7091" started-at="2020-09-19T02:19:27 EDT" finished-at="2020-09-19T02:19:34 EDT">
          <reporter-output>
          </reporter-output>
        </test-method> <!-- setUp -->
        <test-method status="PASS" signature="verifiedPersonalClickAbleModule()[pri:7, instance:com.qa.wellsFargo.TestScripts.TestCaseScripts@369f73a2]" name="verifiedPersonalClickAbleModule" duration-ms="266" started-at="2020-09-19T02:19:34 EDT" finished-at="2020-09-19T02:19:34 EDT">
          <reporter-output>
          </reporter-output>
        </test-method> <!-- verifiedPersonalClickAbleModule -->
        <test-method status="PASS" signature="tearDown()[pri:0, instance:com.qa.wellsFargo.TestScripts.TestCaseScripts@369f73a2]" name="tearDown" is-config="true" duration-ms="609" started-at="2020-09-19T02:19:34 EDT" finished-at="2020-09-19T02:19:35 EDT">
          <reporter-output>
          </reporter-output>
        </test-method> <!-- tearDown -->
        <test-method status="PASS" signature="setUp()[pri:0, instance:com.qa.wellsFargo.TestScripts.TestCaseScripts@369f73a2]" name="setUp" is-config="true" duration-ms="6984" started-at="2020-09-19T02:19:35 EDT" finished-at="2020-09-19T02:19:42 EDT">
          <reporter-output>
          </reporter-output>
        </test-method> <!-- setUp -->
        <test-method status="FAIL" signature="verifiedBankingAndCreditFeature()[pri:8, instance:com.qa.wellsFargo.TestScripts.TestCaseScripts@369f73a2]" name="verifiedBankingAndCreditFeature" duration-ms="2408" started-at="2020-09-19T02:19:42 EDT" finished-at="2020-09-19T02:19:44 EDT">
          <exception class="junit.framework.ComparisonFailure">
            <message>
              <![CDATA[expected:<Credit Card[]> but was:<Credit Card[s]>]]>
            </message>
            <full-stacktrace>
              <![CDATA[junit.framework.ComparisonFailure: expected:<Credit Card[]> but was:<Credit Card[s]>
at junit.framework.Assert.assertEquals(Assert.java:100)
at junit.framework.Assert.assertEquals(Assert.java:107)
at com.qa.wellsFargo.TestScripts.TestCaseScripts.verifiedBankingAndCreditFeature(TestCaseScripts.java:91)
at sun.reflect.NativeMethodAccessorImpl.invoke0(Native Method)
at sun.reflect.NativeMethodAccessorImpl.invoke(NativeMethodAccessorImpl.java:62)
at sun.reflect.DelegatingMethodAccessorImpl.invoke(DelegatingMethodAccessorImpl.java:43)
at java.lang.reflect.Method.invoke(Method.java:498)
at org.testng.internal.MethodInvocationHelper.invokeMethod(MethodInvocationHelper.java:132)
at org.testng.internal.TestInvoker.invokeMethod(TestInvoker.java:599)
at org.testng.internal.TestInvoker.invokeTestMethod(TestInvoker.java:174)
at org.testng.internal.MethodRunner.runInSequence(MethodRunner.java:46)
at org.testng.internal.TestInvoker$MethodInvocationAgent.invoke(TestInvoker.java:822)
at org.testng.internal.TestInvoker.invokeTestMethods(TestInvoker.java:147)
at org.testng.internal.TestMethodWorker.invokeTestMethods(TestMethodWorker.java:146)
at org.testng.internal.TestMethodWorker.run(TestMethodWorker.java:128)
at java.util.ArrayList.forEach(ArrayList.java:1257)
at org.testng.TestRunner.privateRun(TestRunner.java:764)
at org.testng.TestRunner.run(TestRunner.java:585)
at org.testng.SuiteRunner.runTest(SuiteRunner.java:384)
at org.testng.SuiteRunner.runSequentially(SuiteRunner.java:378)
at org.testng.SuiteRunner.privateRun(SuiteRunner.java:337)
at org.testng.SuiteRunner.run(SuiteRunner.java:286)
at org.testng.SuiteRunnerWorker.runSuite(SuiteRunnerWorker.java:53)
at org.testng.SuiteRunnerWorker.run(SuiteRunnerWorker.java:96)
at org.testng.TestNG.runSuitesSequentially(TestNG.java:1218)
at org.testng.TestNG.runSuitesLocally(TestNG.java:1140)
at org.testng.TestNG.runSuites(TestNG.java:1069)
at org.testng.TestNG.run(TestNG.java:1037)
at org.apache.maven.surefire.testng.TestNGExecutor.run(TestNGExecutor.java:132)
at org.apache.maven.surefire.testng.TestNGDirectoryTestSuite.executeSingleClass(TestNGDirectoryTestSuite.java:112)
at org.apache.maven.surefire.testng.TestNGDirectoryTestSuite.execute(TestNGDirectoryTestSuite.java:99)
at org.apache.maven.surefire.testng.TestNGProvider.invoke(TestNGProvider.java:147)
at org.apache.maven.surefire.booter.ForkedBooter.invokeProviderInSameClassLoader(ForkedBooter.java:290)
at org.apache.maven.surefire.booter.ForkedBooter.runSuitesInProcess(ForkedBooter.java:242)
at org.apache.maven.surefire.booter.ForkedBooter.main(ForkedBooter.java:121)
]]>
            </full-stacktrace>
          </exception> <!-- junit.framework.ComparisonFailure -->
          <reporter-output>
          </reporter-output>
        </test-method> <!-- verifiedBankingAndCreditFeature -->
        <test-method status="PASS" signature="tearDown()[pri:0, instance:com.qa.wellsFargo.TestScripts.TestCaseScripts@369f73a2]" name="tearDown" is-config="true" duration-ms="789" started-at="2020-09-19T02:19:45 EDT" finished-at="2020-09-19T02:19:45 EDT">
          <reporter-output>
          </reporter-output>
        </test-method> <!-- tearDown -->
        <test-method status="PASS" signature="setUp()[pri:0, instance:com.qa.wellsFargo.TestScripts.TestCaseScripts@369f73a2]" name="setUp" is-config="true" duration-ms="7148" started-at="2020-09-19T02:19:45 EDT" finished-at="2020-09-19T02:19:53 EDT">
          <reporter-output>
          </reporter-output>
        </test-method> <!-- setUp -->
        <test-method status="PASS" signature="verifiedIndustryExpertiseLink()[pri:10, instance:com.qa.wellsFargo.TestScripts.TestCaseScripts@369f73a2]" name="verifiedIndustryExpertiseLink" duration-ms="835" started-at="2020-09-19T02:19:53 EDT" finished-at="2020-09-19T02:19:53 EDT">
          <reporter-output>
          </reporter-output>
        </test-method> <!-- verifiedIndustryExpertiseLink -->
        <test-method status="PASS" signature="tearDown()[pri:0, instance:com.qa.wellsFargo.TestScripts.TestCaseScripts@369f73a2]" name="tearDown" is-config="true" duration-ms="609" started-at="2020-09-19T02:19:53 EDT" finished-at="2020-09-19T02:19:54 EDT">
          <reporter-output>
          </reporter-output>
        </test-method> <!-- tearDown -->
        <test-method status="PASS" signature="setUp()[pri:0, instance:com.qa.wellsFargo.TestScripts.TestCaseScripts@369f73a2]" name="setUp" is-config="true" duration-ms="7031" started-at="2020-09-19T02:19:54 EDT" finished-at="2020-09-19T02:20:01 EDT">
          <reporter-output>
          </reporter-output>
        </test-method> <!-- setUp -->
        <test-method status="FAIL" signature="aboutWellsFargoHomepage()[pri:11, instance:com.qa.wellsFargo.TestScripts.TestCaseScripts@369f73a2]" name="aboutWellsFargoHomepage" duration-ms="1590" started-at="2020-09-19T02:20:01 EDT" finished-at="2020-09-19T02:20:03 EDT">
          <exception class="junit.framework.ComparisonFailure">
            <message>
              <![CDATA[expected:<[a]bout Wells Fargo> but was:<[A]bout Wells Fargo>]]>
            </message>
            <full-stacktrace>
              <![CDATA[junit.framework.ComparisonFailure: expected:<[a]bout Wells Fargo> but was:<[A]bout Wells Fargo>
at junit.framework.Assert.assertEquals(Assert.java:100)
at junit.framework.Assert.assertEquals(Assert.java:107)
at com.qa.wellsFargo.TestScripts.TestCaseScripts.aboutWellsFargoHomepage(TestCaseScripts.java:123)
at sun.reflect.NativeMethodAccessorImpl.invoke0(Native Method)
at sun.reflect.NativeMethodAccessorImpl.invoke(NativeMethodAccessorImpl.java:62)
at sun.reflect.DelegatingMethodAccessorImpl.invoke(DelegatingMethodAccessorImpl.java:43)
at java.lang.reflect.Method.invoke(Method.java:498)
at org.testng.internal.MethodInvocationHelper.invokeMethod(MethodInvocationHelper.java:132)
at org.testng.internal.TestInvoker.invokeMethod(TestInvoker.java:599)
at org.testng.internal.TestInvoker.invokeTestMethod(TestInvoker.java:174)
at org.testng.internal.MethodRunner.runInSequence(MethodRunner.java:46)
at org.testng.internal.TestInvoker$MethodInvocationAgent.invoke(TestInvoker.java:822)
at org.testng.internal.TestInvoker.invokeTestMethods(TestInvoker.java:147)
at org.testng.internal.TestMethodWorker.invokeTestMethods(TestMethodWorker.java:146)
at org.testng.internal.TestMethodWorker.run(TestMethodWorker.java:128)
at java.util.ArrayList.forEach(ArrayList.java:1257)
at org.testng.TestRunner.privateRun(TestRunner.java:764)
at org.testng.TestRunner.run(TestRunner.java:585)
at org.testng.SuiteRunner.runTest(SuiteRunner.java:384)
at org.testng.SuiteRunner.runSequentially(SuiteRunner.java:378)
at org.testng.SuiteRunner.privateRun(SuiteRunner.java:337)
at org.testng.SuiteRunner.run(SuiteRunner.java:286)
at org.testng.SuiteRunnerWorker.runSuite(SuiteRunnerWorker.java:53)
at org.testng.SuiteRunnerWorker.run(SuiteRunnerWorker.java:96)
at org.testng.TestNG.runSuitesSequentially(TestNG.java:1218)
at org.testng.TestNG.runSuitesLocally(TestNG.java:1140)
at org.testng.TestNG.runSuites(TestNG.java:1069)
at org.testng.TestNG.run(TestNG.java:1037)
at org.apache.maven.surefire.testng.TestNGExecutor.run(TestNGExecutor.java:132)
at org.apache.maven.surefire.testng.TestNGDirectoryTestSuite.executeSingleClass(TestNGDirectoryTestSuite.java:112)
at org.apache.maven.surefire.testng.TestNGDirectoryTestSuite.execute(TestNGDirectoryTestSuite.java:99)
at org.apache.maven.surefire.testng.TestNGProvider.invoke(TestNGProvider.java:147)
at org.apache.maven.surefire.booter.ForkedBooter.invokeProviderInSameClassLoader(ForkedBooter.java:290)
at org.apache.maven.surefire.booter.ForkedBooter.runSuitesInProcess(ForkedBooter.java:242)
at org.apache.maven.surefire.booter.ForkedBooter.main(ForkedBooter.java:121)
]]>
            </full-stacktrace>
          </exception> <!-- junit.framework.ComparisonFailure -->
          <reporter-output>
          </reporter-output>
        </test-method> <!-- aboutWellsFargoHomepage -->
        <test-method status="PASS" signature="tearDown()[pri:0, instance:com.qa.wellsFargo.TestScripts.TestCaseScripts@369f73a2]" name="tearDown" is-config="true" duration-ms="1484" started-at="2020-09-19T02:20:03 EDT" finished-at="2020-09-19T02:20:05 EDT">
          <reporter-output>
          </reporter-output>
        </test-method> <!-- tearDown -->
      </class> <!-- com.qa.wellsFargo.TestScripts.TestCaseScripts -->
    </test> <!-- Surefire test -->
  </suite> <!-- Surefire suite -->
</testng-results>
