<?xml version="1.0" encoding="UTF-8"?>
<testng-results skipped="0" failed="3" ignored="0" total="13" passed="10">
  <reporter-output>
  </reporter-output>
  <suite name="Default suite" duration-ms="138811" started-at="2020-10-08T23:10:48 EDT" finished-at="2020-10-08T23:13:07 EDT">
    <groups>
      <group name="functional">
        <method signature="TestCaseScripts.aboutWellsFargoHomepage()[pri:11, instance:com.qa.wellsFargo.TestScripts.TestCaseScripts@c267ef4]" name="aboutWellsFargoHomepage" class="com.qa.wellsFargo.TestScripts.TestCaseScripts"/>
        <method signature="TestCaseScripts.customerServiceDisplay()[pri:1, instance:com.qa.wellsFargo.TestScripts.TestCaseScripts@c267ef4]" name="customerServiceDisplay" class="com.qa.wellsFargo.TestScripts.TestCaseScripts"/>
        <method signature="TestCaseScripts.verifiedBankingAndCreditFeature()[pri:8, instance:com.qa.wellsFargo.TestScripts.TestCaseScripts@c267ef4]" name="verifiedBankingAndCreditFeature" class="com.qa.wellsFargo.TestScripts.TestCaseScripts"/>
        <method signature="TestCaseScripts.verifiedCommericalModule()[pri:4, instance:com.qa.wellsFargo.TestScripts.TestCaseScripts@c267ef4]" name="verifiedCommericalModule" class="com.qa.wellsFargo.TestScripts.TestCaseScripts"/>
        <method signature="TestCaseScripts.verifiedPersonalModule()[pri:2, instance:com.qa.wellsFargo.TestScripts.TestCaseScripts@c267ef4]" name="verifiedPersonalModule" class="com.qa.wellsFargo.TestScripts.TestCaseScripts"/>
        <method signature="TestCaseScripts.verifiedSmallBusinessModule()[pri:3, instance:com.qa.wellsFargo.TestScripts.TestCaseScripts@c267ef4]" name="verifiedSmallBusinessModule" class="com.qa.wellsFargo.TestScripts.TestCaseScripts"/>
      </group> <!-- functional -->
      <group name="smoke">
        <method signature="TestCaseScripts.aboutWellsFargoHomepage()[pri:11, instance:com.qa.wellsFargo.TestScripts.TestCaseScripts@c267ef4]" name="aboutWellsFargoHomepage" class="com.qa.wellsFargo.TestScripts.TestCaseScripts"/>
        <method signature="TestCaseScripts.logInTest(java.lang.String, java.lang.String)[pri:0, instance:com.qa.wellsFargo.TestScripts.TestCaseScripts@c267ef4]" name="logInTest" class="com.qa.wellsFargo.TestScripts.TestCaseScripts"/>
        <method signature="TestCaseScripts.verifiedAbutWellsModule()[pri:6, instance:com.qa.wellsFargo.TestScripts.TestCaseScripts@c267ef4]" name="verifiedAbutWellsModule" class="com.qa.wellsFargo.TestScripts.TestCaseScripts"/>
        <method signature="TestCaseScripts.verifiedCommericalModule()[pri:4, instance:com.qa.wellsFargo.TestScripts.TestCaseScripts@c267ef4]" name="verifiedCommericalModule" class="com.qa.wellsFargo.TestScripts.TestCaseScripts"/>
        <method signature="TestCaseScripts.verifiedFinancialEduModule()[pri:5, instance:com.qa.wellsFargo.TestScripts.TestCaseScripts@c267ef4]" name="verifiedFinancialEduModule" class="com.qa.wellsFargo.TestScripts.TestCaseScripts"/>
        <method signature="TestCaseScripts.verifiedIndustryExpertiseLink()[pri:10, instance:com.qa.wellsFargo.TestScripts.TestCaseScripts@c267ef4]" name="verifiedIndustryExpertiseLink" class="com.qa.wellsFargo.TestScripts.TestCaseScripts"/>
        <method signature="TestCaseScripts.verifiedPersonalClickAbleModule()[pri:7, instance:com.qa.wellsFargo.TestScripts.TestCaseScripts@c267ef4]" name="verifiedPersonalClickAbleModule" class="com.qa.wellsFargo.TestScripts.TestCaseScripts"/>
      </group> <!-- smoke -->
    </groups>
    <test name="Default test" duration-ms="138811" started-at="2020-10-08T23:10:48 EDT" finished-at="2020-10-08T23:13:07 EDT">
      <class name="com.qa.wellsFargo.TestScripts.TestCaseScripts">
        <test-method status="PASS" signature="setExtent()[pri:0, instance:com.qa.wellsFargo.TestScripts.TestCaseScripts@c267ef4]" name="setExtent" is-config="true" duration-ms="134" started-at="2020-10-08T23:10:48 EDT" finished-at="2020-10-08T23:10:48 EDT">
          <reporter-output>
          </reporter-output>
        </test-method> <!-- setExtent -->
        <test-method status="PASS" signature="setUp()[pri:0, instance:com.qa.wellsFargo.TestScripts.TestCaseScripts@c267ef4]" name="setUp" is-config="true" duration-ms="11557" started-at="2020-10-08T23:10:49 EDT" finished-at="2020-10-08T23:11:00 EDT">
          <reporter-output>
          </reporter-output>
        </test-method> <!-- setUp -->
        <test-method status="PASS" signature="logInTest(java.lang.String, java.lang.String)[pri:0, instance:com.qa.wellsFargo.TestScripts.TestCaseScripts@c267ef4]" name="logInTest" duration-ms="2780" started-at="2020-10-08T23:11:00 EDT" data-provider="getData" finished-at="2020-10-08T23:11:03 EDT">
          <params>
            <param index="0">
              <value>
                <![CDATA[Shak375]]>
              </value>
            </param>
            <param index="1">
              <value>
                <![CDATA[shak@122]]>
              </value>
            </param>
          </params>
          <reporter-output>
          </reporter-output>
        </test-method> <!-- logInTest -->
        <test-method status="PASS" signature="tearDown()[pri:0, instance:com.qa.wellsFargo.TestScripts.TestCaseScripts@c267ef4]" name="tearDown" is-config="true" duration-ms="860" started-at="2020-10-08T23:11:03 EDT" finished-at="2020-10-08T23:11:04 EDT">
          <reporter-output>
          </reporter-output>
        </test-method> <!-- tearDown -->
        <test-method status="PASS" signature="setUp()[pri:0, instance:com.qa.wellsFargo.TestScripts.TestCaseScripts@c267ef4]" name="setUp" is-config="true" duration-ms="7970" started-at="2020-10-08T23:11:04 EDT" finished-at="2020-10-08T23:11:12 EDT">
          <reporter-output>
          </reporter-output>
        </test-method> <!-- setUp -->
        <test-method status="PASS" signature="logInTest(java.lang.String, java.lang.String)[pri:0, instance:com.qa.wellsFargo.TestScripts.TestCaseScripts@c267ef4]" name="logInTest" duration-ms="2733" started-at="2020-10-08T23:11:12 EDT" data-provider="getData" finished-at="2020-10-08T23:11:15 EDT">
          <params>
            <param index="0">
              <value>
                <![CDATA[Shub379]]>
              </value>
            </param>
            <param index="1">
              <value>
                <![CDATA[shub%478]]>
              </value>
            </param>
          </params>
          <reporter-output>
          </reporter-output>
        </test-method> <!-- logInTest -->
        <test-method status="PASS" signature="tearDown()[pri:0, instance:com.qa.wellsFargo.TestScripts.TestCaseScripts@c267ef4]" name="tearDown" is-config="true" duration-ms="775" started-at="2020-10-08T23:11:15 EDT" finished-at="2020-10-08T23:11:15 EDT">
          <reporter-output>
          </reporter-output>
        </test-method> <!-- tearDown -->
        <test-method status="PASS" signature="setUp()[pri:0, instance:com.qa.wellsFargo.TestScripts.TestCaseScripts@c267ef4]" name="setUp" is-config="true" duration-ms="7564" started-at="2020-10-08T23:11:15 EDT" finished-at="2020-10-08T23:11:23 EDT">
          <reporter-output>
          </reporter-output>
        </test-method> <!-- setUp -->
        <test-method status="PASS" signature="logInTest(java.lang.String, java.lang.String)[pri:0, instance:com.qa.wellsFargo.TestScripts.TestCaseScripts@c267ef4]" name="logInTest" duration-ms="2813" started-at="2020-10-08T23:11:23 EDT" data-provider="getData" finished-at="2020-10-08T23:11:26 EDT">
          <params>
            <param index="0">
              <value>
                <![CDATA[Biplo890]]>
              </value>
            </param>
            <param index="1">
              <value>
                <![CDATA[bip&235]]>
              </value>
            </param>
          </params>
          <reporter-output>
          </reporter-output>
        </test-method> <!-- logInTest -->
        <test-method status="PASS" signature="tearDown()[pri:0, instance:com.qa.wellsFargo.TestScripts.TestCaseScripts@c267ef4]" name="tearDown" is-config="true" duration-ms="902" started-at="2020-10-08T23:11:26 EDT" finished-at="2020-10-08T23:11:27 EDT">
          <reporter-output>
          </reporter-output>
        </test-method> <!-- tearDown -->
        <test-method status="PASS" signature="setUp()[pri:0, instance:com.qa.wellsFargo.TestScripts.TestCaseScripts@c267ef4]" name="setUp" is-config="true" duration-ms="8283" started-at="2020-10-08T23:11:27 EDT" finished-at="2020-10-08T23:11:35 EDT">
          <reporter-output>
          </reporter-output>
        </test-method> <!-- setUp -->
        <test-method status="PASS" signature="customerServiceDisplay()[pri:1, instance:com.qa.wellsFargo.TestScripts.TestCaseScripts@c267ef4]" name="customerServiceDisplay" duration-ms="501" started-at="2020-10-08T23:11:35 EDT" finished-at="2020-10-08T23:11:35 EDT">
          <reporter-output>
          </reporter-output>
        </test-method> <!-- customerServiceDisplay -->
        <test-method status="PASS" signature="tearDown()[pri:0, instance:com.qa.wellsFargo.TestScripts.TestCaseScripts@c267ef4]" name="tearDown" is-config="true" duration-ms="847" started-at="2020-10-08T23:11:35 EDT" finished-at="2020-10-08T23:11:36 EDT">
          <reporter-output>
          </reporter-output>
        </test-method> <!-- tearDown -->
        <test-method status="PASS" signature="setUp()[pri:0, instance:com.qa.wellsFargo.TestScripts.TestCaseScripts@c267ef4]" name="setUp" is-config="true" duration-ms="8136" started-at="2020-10-08T23:11:36 EDT" finished-at="2020-10-08T23:11:44 EDT">
          <reporter-output>
          </reporter-output>
        </test-method> <!-- setUp -->
        <test-method status="FAIL" signature="verifiedPersonalModule()[pri:2, instance:com.qa.wellsFargo.TestScripts.TestCaseScripts@c267ef4]" name="verifiedPersonalModule" duration-ms="283" started-at="2020-10-08T23:11:44 EDT" finished-at="2020-10-08T23:11:45 EDT">
          <exception class="junit.framework.ComparisonFailure">
            <message>
              <![CDATA[expected:<[]Personal> but was:<[selected
]Personal>]]>
            </message>
            <full-stacktrace>
              <![CDATA[junit.framework.ComparisonFailure: expected:<[]Personal> but was:<[selected
]Personal>
at junit.framework.Assert.assertEquals(Assert.java:100)
at junit.framework.Assert.assertEquals(Assert.java:107)
at com.qa.wellsFargo.TestScripts.TestCaseScripts.verifiedPersonalModule(TestCaseScripts.java:43)
at sun.reflect.NativeMethodAccessorImpl.invoke0(Native Method)
at sun.reflect.NativeMethodAccessorImpl.invoke(NativeMethodAccessorImpl.java:62)
at sun.reflect.DelegatingMethodAccessorImpl.invoke(DelegatingMethodAccessorImpl.java:43)
at java.lang.reflect.Method.invoke(Method.java:498)
at org.testng.internal.MethodInvocationHelper.invokeMethod(MethodInvocationHelper.java:132)
at org.testng.internal.TestInvoker.invokeMethod(TestInvoker.java:599)
at org.testng.internal.TestInvoker.invokeTestMethod(TestInvoker.java:174)
at org.testng.internal.MethodRunner.runInSequence(MethodRunner.java:46)
at org.testng.internal.TestInvoker$MethodInvocationAgent.invoke(TestInvoker.java:822)
at org.testng.internal.TestInvoker.invokeTestMethods(TestInvoker.java:147)
at org.testng.internal.TestMethodWorker.invokeTestMethods(TestMethodWorker.java:146)
at org.testng.internal.TestMethodWorker.run(TestMethodWorker.java:128)
at java.util.ArrayList.forEach(ArrayList.java:1257)
at org.testng.TestRunner.privateRun(TestRunner.java:764)
at org.testng.TestRunner.run(TestRunner.java:585)
at org.testng.SuiteRunner.runTest(SuiteRunner.java:384)
at org.testng.SuiteRunner.runSequentially(SuiteRunner.java:378)
at org.testng.SuiteRunner.privateRun(SuiteRunner.java:337)
at org.testng.SuiteRunner.run(SuiteRunner.java:286)
at org.testng.SuiteRunnerWorker.runSuite(SuiteRunnerWorker.java:53)
at org.testng.SuiteRunnerWorker.run(SuiteRunnerWorker.java:96)
at org.testng.TestNG.runSuitesSequentially(TestNG.java:1218)
at org.testng.TestNG.runSuitesLocally(TestNG.java:1140)
at org.testng.TestNG.runSuites(TestNG.java:1069)
at org.testng.TestNG.run(TestNG.java:1037)
at org.testng.remote.AbstractRemoteTestNG.run(AbstractRemoteTestNG.java:115)
at org.testng.remote.RemoteTestNG.initAndRun(RemoteTestNG.java:251)
at org.testng.remote.RemoteTestNG.main(RemoteTestNG.java:77)
]]>
            </full-stacktrace>
          </exception> <!-- junit.framework.ComparisonFailure -->
          <reporter-output>
          </reporter-output>
        </test-method> <!-- verifiedPersonalModule -->
        <test-method status="PASS" signature="tearDown()[pri:0, instance:com.qa.wellsFargo.TestScripts.TestCaseScripts@c267ef4]" name="tearDown" is-config="true" duration-ms="647" started-at="2020-10-08T23:11:46 EDT" finished-at="2020-10-08T23:11:46 EDT">
          <reporter-output>
          </reporter-output>
        </test-method> <!-- tearDown -->
        <test-method status="PASS" signature="setUp()[pri:0, instance:com.qa.wellsFargo.TestScripts.TestCaseScripts@c267ef4]" name="setUp" is-config="true" duration-ms="7775" started-at="2020-10-08T23:11:46 EDT" finished-at="2020-10-08T23:11:54 EDT">
          <reporter-output>
          </reporter-output>
        </test-method> <!-- setUp -->
        <test-method status="PASS" signature="verifiedSmallBusinessModule()[pri:3, instance:com.qa.wellsFargo.TestScripts.TestCaseScripts@c267ef4]" name="verifiedSmallBusinessModule" duration-ms="412" started-at="2020-10-08T23:11:54 EDT" finished-at="2020-10-08T23:11:55 EDT">
          <reporter-output>
          </reporter-output>
        </test-method> <!-- verifiedSmallBusinessModule -->
        <test-method status="PASS" signature="tearDown()[pri:0, instance:com.qa.wellsFargo.TestScripts.TestCaseScripts@c267ef4]" name="tearDown" is-config="true" duration-ms="664" started-at="2020-10-08T23:11:55 EDT" finished-at="2020-10-08T23:11:55 EDT">
          <reporter-output>
          </reporter-output>
        </test-method> <!-- tearDown -->
        <test-method status="PASS" signature="setUp()[pri:0, instance:com.qa.wellsFargo.TestScripts.TestCaseScripts@c267ef4]" name="setUp" is-config="true" duration-ms="7613" started-at="2020-10-08T23:11:55 EDT" finished-at="2020-10-08T23:12:03 EDT">
          <reporter-output>
          </reporter-output>
        </test-method> <!-- setUp -->
        <test-method status="PASS" signature="verifiedCommericalModule()[pri:4, instance:com.qa.wellsFargo.TestScripts.TestCaseScripts@c267ef4]" name="verifiedCommericalModule" duration-ms="41" started-at="2020-10-08T23:12:03 EDT" finished-at="2020-10-08T23:12:03 EDT">
          <reporter-output>
          </reporter-output>
        </test-method> <!-- verifiedCommericalModule -->
        <test-method status="PASS" signature="tearDown()[pri:0, instance:com.qa.wellsFargo.TestScripts.TestCaseScripts@c267ef4]" name="tearDown" is-config="true" duration-ms="1013" started-at="2020-10-08T23:12:03 EDT" finished-at="2020-10-08T23:12:04 EDT">
          <reporter-output>
          </reporter-output>
        </test-method> <!-- tearDown -->
        <test-method status="PASS" signature="setUp()[pri:0, instance:com.qa.wellsFargo.TestScripts.TestCaseScripts@c267ef4]" name="setUp" is-config="true" duration-ms="7904" started-at="2020-10-08T23:12:04 EDT" finished-at="2020-10-08T23:12:12 EDT">
          <reporter-output>
          </reporter-output>
        </test-method> <!-- setUp -->
        <test-method status="PASS" signature="verifiedFinancialEduModule()[pri:5, instance:com.qa.wellsFargo.TestScripts.TestCaseScripts@c267ef4]" name="verifiedFinancialEduModule" duration-ms="414" started-at="2020-10-08T23:12:12 EDT" finished-at="2020-10-08T23:12:12 EDT">
          <reporter-output>
          </reporter-output>
        </test-method> <!-- verifiedFinancialEduModule -->
        <test-method status="PASS" signature="tearDown()[pri:0, instance:com.qa.wellsFargo.TestScripts.TestCaseScripts@c267ef4]" name="tearDown" is-config="true" duration-ms="668" started-at="2020-10-08T23:12:12 EDT" finished-at="2020-10-08T23:12:13 EDT">
          <reporter-output>
          </reporter-output>
        </test-method> <!-- tearDown -->
        <test-method status="PASS" signature="setUp()[pri:0, instance:com.qa.wellsFargo.TestScripts.TestCaseScripts@c267ef4]" name="setUp" is-config="true" duration-ms="7969" started-at="2020-10-08T23:12:13 EDT" finished-at="2020-10-08T23:12:21 EDT">
          <reporter-output>
          </reporter-output>
        </test-method> <!-- setUp -->
        <test-method status="PASS" signature="verifiedAbutWellsModule()[pri:6, instance:com.qa.wellsFargo.TestScripts.TestCaseScripts@c267ef4]" name="verifiedAbutWellsModule" duration-ms="396" started-at="2020-10-08T23:12:21 EDT" finished-at="2020-10-08T23:12:21 EDT">
          <reporter-output>
          </reporter-output>
        </test-method> <!-- verifiedAbutWellsModule -->
        <test-method status="PASS" signature="tearDown()[pri:0, instance:com.qa.wellsFargo.TestScripts.TestCaseScripts@c267ef4]" name="tearDown" is-config="true" duration-ms="648" started-at="2020-10-08T23:12:21 EDT" finished-at="2020-10-08T23:12:22 EDT">
          <reporter-output>
          </reporter-output>
        </test-method> <!-- tearDown -->
        <test-method status="PASS" signature="setUp()[pri:0, instance:com.qa.wellsFargo.TestScripts.TestCaseScripts@c267ef4]" name="setUp" is-config="true" duration-ms="7615" started-at="2020-10-08T23:12:22 EDT" finished-at="2020-10-08T23:12:30 EDT">
          <reporter-output>
          </reporter-output>
        </test-method> <!-- setUp -->
        <test-method status="PASS" signature="verifiedPersonalClickAbleModule()[pri:7, instance:com.qa.wellsFargo.TestScripts.TestCaseScripts@c267ef4]" name="verifiedPersonalClickAbleModule" duration-ms="536" started-at="2020-10-08T23:12:30 EDT" finished-at="2020-10-08T23:12:30 EDT">
          <reporter-output>
          </reporter-output>
        </test-method> <!-- verifiedPersonalClickAbleModule -->
        <test-method status="PASS" signature="tearDown()[pri:0, instance:com.qa.wellsFargo.TestScripts.TestCaseScripts@c267ef4]" name="tearDown" is-config="true" duration-ms="644" started-at="2020-10-08T23:12:30 EDT" finished-at="2020-10-08T23:12:31 EDT">
          <reporter-output>
          </reporter-output>
        </test-method> <!-- tearDown -->
        <test-method status="PASS" signature="setUp()[pri:0, instance:com.qa.wellsFargo.TestScripts.TestCaseScripts@c267ef4]" name="setUp" is-config="true" duration-ms="7920" started-at="2020-10-08T23:12:31 EDT" finished-at="2020-10-08T23:12:39 EDT">
          <reporter-output>
          </reporter-output>
        </test-method> <!-- setUp -->
        <test-method status="FAIL" signature="verifiedBankingAndCreditFeature()[pri:8, instance:com.qa.wellsFargo.TestScripts.TestCaseScripts@c267ef4]" name="verifiedBankingAndCreditFeature" duration-ms="3858" started-at="2020-10-08T23:12:39 EDT" finished-at="2020-10-08T23:12:43 EDT">
          <exception class="junit.framework.ComparisonFailure">
            <message>
              <![CDATA[expected:<Credit Card[]> but was:<Credit Card[s]>]]>
            </message>
            <full-stacktrace>
              <![CDATA[junit.framework.ComparisonFailure: expected:<Credit Card[]> but was:<Credit Card[s]>
at junit.framework.Assert.assertEquals(Assert.java:100)
at junit.framework.Assert.assertEquals(Assert.java:107)
at com.qa.wellsFargo.TestScripts.TestCaseScripts.verifiedBankingAndCreditFeature(TestCaseScripts.java:104)
at sun.reflect.NativeMethodAccessorImpl.invoke0(Native Method)
at sun.reflect.NativeMethodAccessorImpl.invoke(NativeMethodAccessorImpl.java:62)
at sun.reflect.DelegatingMethodAccessorImpl.invoke(DelegatingMethodAccessorImpl.java:43)
at java.lang.reflect.Method.invoke(Method.java:498)
at org.testng.internal.MethodInvocationHelper.invokeMethod(MethodInvocationHelper.java:132)
at org.testng.internal.TestInvoker.invokeMethod(TestInvoker.java:599)
at org.testng.internal.TestInvoker.invokeTestMethod(TestInvoker.java:174)
at org.testng.internal.MethodRunner.runInSequence(MethodRunner.java:46)
at org.testng.internal.TestInvoker$MethodInvocationAgent.invoke(TestInvoker.java:822)
at org.testng.internal.TestInvoker.invokeTestMethods(TestInvoker.java:147)
at org.testng.internal.TestMethodWorker.invokeTestMethods(TestMethodWorker.java:146)
at org.testng.internal.TestMethodWorker.run(TestMethodWorker.java:128)
at java.util.ArrayList.forEach(ArrayList.java:1257)
at org.testng.TestRunner.privateRun(TestRunner.java:764)
at org.testng.TestRunner.run(TestRunner.java:585)
at org.testng.SuiteRunner.runTest(SuiteRunner.java:384)
at org.testng.SuiteRunner.runSequentially(SuiteRunner.java:378)
at org.testng.SuiteRunner.privateRun(SuiteRunner.java:337)
at org.testng.SuiteRunner.run(SuiteRunner.java:286)
at org.testng.SuiteRunnerWorker.runSuite(SuiteRunnerWorker.java:53)
at org.testng.SuiteRunnerWorker.run(SuiteRunnerWorker.java:96)
at org.testng.TestNG.runSuitesSequentially(TestNG.java:1218)
at org.testng.TestNG.runSuitesLocally(TestNG.java:1140)
at org.testng.TestNG.runSuites(TestNG.java:1069)
at org.testng.TestNG.run(TestNG.java:1037)
at org.testng.remote.AbstractRemoteTestNG.run(AbstractRemoteTestNG.java:115)
at org.testng.remote.RemoteTestNG.initAndRun(RemoteTestNG.java:251)
at org.testng.remote.RemoteTestNG.main(RemoteTestNG.java:77)
]]>
            </full-stacktrace>
          </exception> <!-- junit.framework.ComparisonFailure -->
          <reporter-output>
          </reporter-output>
        </test-method> <!-- verifiedBankingAndCreditFeature -->
        <test-method status="PASS" signature="tearDown()[pri:0, instance:com.qa.wellsFargo.TestScripts.TestCaseScripts@c267ef4]" name="tearDown" is-config="true" duration-ms="678" started-at="2020-10-08T23:12:43 EDT" finished-at="2020-10-08T23:12:44 EDT">
          <reporter-output>
          </reporter-output>
        </test-method> <!-- tearDown -->
        <test-method status="PASS" signature="setUp()[pri:0, instance:com.qa.wellsFargo.TestScripts.TestCaseScripts@c267ef4]" name="setUp" is-config="true" duration-ms="7704" started-at="2020-10-08T23:12:44 EDT" finished-at="2020-10-08T23:12:52 EDT">
          <reporter-output>
          </reporter-output>
        </test-method> <!-- setUp -->
        <test-method status="PASS" signature="verifiedIndustryExpertiseLink()[pri:10, instance:com.qa.wellsFargo.TestScripts.TestCaseScripts@c267ef4]" name="verifiedIndustryExpertiseLink" duration-ms="2523" started-at="2020-10-08T23:12:52 EDT" finished-at="2020-10-08T23:12:54 EDT">
          <reporter-output>
          </reporter-output>
        </test-method> <!-- verifiedIndustryExpertiseLink -->
        <test-method status="PASS" signature="tearDown()[pri:0, instance:com.qa.wellsFargo.TestScripts.TestCaseScripts@c267ef4]" name="tearDown" is-config="true" duration-ms="801" started-at="2020-10-08T23:12:54 EDT" finished-at="2020-10-08T23:12:55 EDT">
          <reporter-output>
          </reporter-output>
        </test-method> <!-- tearDown -->
        <test-method status="PASS" signature="setUp()[pri:0, instance:com.qa.wellsFargo.TestScripts.TestCaseScripts@c267ef4]" name="setUp" is-config="true" duration-ms="7723" started-at="2020-10-08T23:12:55 EDT" finished-at="2020-10-08T23:13:03 EDT">
          <reporter-output>
          </reporter-output>
        </test-method> <!-- setUp -->
        <test-method status="FAIL" signature="aboutWellsFargoHomepage()[pri:11, instance:com.qa.wellsFargo.TestScripts.TestCaseScripts@c267ef4]" name="aboutWellsFargoHomepage" duration-ms="1888" started-at="2020-10-08T23:13:03 EDT" finished-at="2020-10-08T23:13:04 EDT">
          <exception class="junit.framework.ComparisonFailure">
            <message>
              <![CDATA[expected:<[a]bout Wells Fargo> but was:<[A]bout Wells Fargo>]]>
            </message>
            <full-stacktrace>
              <![CDATA[junit.framework.ComparisonFailure: expected:<[a]bout Wells Fargo> but was:<[A]bout Wells Fargo>
at junit.framework.Assert.assertEquals(Assert.java:100)
at junit.framework.Assert.assertEquals(Assert.java:107)
at com.qa.wellsFargo.TestScripts.TestCaseScripts.aboutWellsFargoHomepage(TestCaseScripts.java:137)
at sun.reflect.NativeMethodAccessorImpl.invoke0(Native Method)
at sun.reflect.NativeMethodAccessorImpl.invoke(NativeMethodAccessorImpl.java:62)
at sun.reflect.DelegatingMethodAccessorImpl.invoke(DelegatingMethodAccessorImpl.java:43)
at java.lang.reflect.Method.invoke(Method.java:498)
at org.testng.internal.MethodInvocationHelper.invokeMethod(MethodInvocationHelper.java:132)
at org.testng.internal.TestInvoker.invokeMethod(TestInvoker.java:599)
at org.testng.internal.TestInvoker.invokeTestMethod(TestInvoker.java:174)
at org.testng.internal.MethodRunner.runInSequence(MethodRunner.java:46)
at org.testng.internal.TestInvoker$MethodInvocationAgent.invoke(TestInvoker.java:822)
at org.testng.internal.TestInvoker.invokeTestMethods(TestInvoker.java:147)
at org.testng.internal.TestMethodWorker.invokeTestMethods(TestMethodWorker.java:146)
at org.testng.internal.TestMethodWorker.run(TestMethodWorker.java:128)
at java.util.ArrayList.forEach(ArrayList.java:1257)
at org.testng.TestRunner.privateRun(TestRunner.java:764)
at org.testng.TestRunner.run(TestRunner.java:585)
at org.testng.SuiteRunner.runTest(SuiteRunner.java:384)
at org.testng.SuiteRunner.runSequentially(SuiteRunner.java:378)
at org.testng.SuiteRunner.privateRun(SuiteRunner.java:337)
at org.testng.SuiteRunner.run(SuiteRunner.java:286)
at org.testng.SuiteRunnerWorker.runSuite(SuiteRunnerWorker.java:53)
at org.testng.SuiteRunnerWorker.run(SuiteRunnerWorker.java:96)
at org.testng.TestNG.runSuitesSequentially(TestNG.java:1218)
at org.testng.TestNG.runSuitesLocally(TestNG.java:1140)
at org.testng.TestNG.runSuites(TestNG.java:1069)
at org.testng.TestNG.run(TestNG.java:1037)
at org.testng.remote.AbstractRemoteTestNG.run(AbstractRemoteTestNG.java:115)
at org.testng.remote.RemoteTestNG.initAndRun(RemoteTestNG.java:251)
at org.testng.remote.RemoteTestNG.main(RemoteTestNG.java:77)
]]>
            </full-stacktrace>
          </exception> <!-- junit.framework.ComparisonFailure -->
          <reporter-output>
          </reporter-output>
        </test-method> <!-- aboutWellsFargoHomepage -->
        <test-method status="PASS" signature="tearDown()[pri:0, instance:com.qa.wellsFargo.TestScripts.TestCaseScripts@c267ef4]" name="tearDown" is-config="true" duration-ms="808" started-at="2020-10-08T23:13:05 EDT" finished-at="2020-10-08T23:13:06 EDT">
          <reporter-output>
          </reporter-output>
        </test-method> <!-- tearDown -->
        <test-method status="PASS" signature="endReport()[pri:0, instance:com.qa.wellsFargo.TestScripts.TestCaseScripts@c267ef4]" name="endReport" is-config="true" duration-ms="652" started-at="2020-10-08T23:13:06 EDT" finished-at="2020-10-08T23:13:07 EDT">
          <reporter-output>
          </reporter-output>
        </test-method> <!-- endReport -->
      </class> <!-- com.qa.wellsFargo.TestScripts.TestCaseScripts -->
    </test> <!-- Default test -->
  </suite> <!-- Default suite -->
</testng-results>
